

Processing ApplicationController#index (for 127.0.0.1 at 2010-10-23 02:00:42) [GET]

ActionController::RoutingError (No route matches "/" with {:method=>:get}):
  

Rendering rescues/layout (not_found)


Processing ApplicationController#index (for 127.0.0.1 at 2010-10-23 02:00:59) [GET]

ActionController::RoutingError (No route matches "/" with {:method=>:get}):
  

Rendering rescues/layout (not_found)


Processing ApplicationController#index (for 127.0.0.1 at 2010-10-23 02:01:40) [GET]

ActionController::RoutingError (No route matches "/" with {:method=>:get}):
  

Rendering rescues/layout (not_found)


Processing ApplicationController#index (for 127.0.0.1 at 2010-10-23 02:01:41) [GET]

ActionController::RoutingError (No route matches "/" with {:method=>:get}):
  

Rendering rescues/layout (not_found)


Processing ApplicationController#index (for 127.0.0.1 at 2010-10-23 02:02:08) [GET]

ActionController::RoutingError (No route matches "/" with {:method=>:get}):
  

Rendering rescues/layout (not_found)


Processing ApplicationController#index (for 127.0.0.1 at 2010-10-23 02:02:09) [GET]

ActionController::RoutingError (No route matches "/" with {:method=>:get}):
  

Rendering rescues/layout (not_found)


Processing ApplicationController#index (for 127.0.0.1 at 2010-10-23 02:06:48) [GET]

ActionController::RoutingError (No route matches "/jquery.js" with {:method=>:get}):
  

Rendering rescues/layout (not_found)


Processing PagesController#index (for 127.0.0.1 at 2010-10-23 02:12:28) [GET]
Rendering template within layouts/application
Rendering pages/index
Completed in 81ms (View: 75, DB: 0) | 200 OK [http://localhost/]


Processing PagesController#index (for 127.0.0.1 at 2010-10-23 02:15:12) [GET]
Rendering template within layouts/application
Rendering pages/index
Completed in 5ms (View: 4, DB: 0) | 200 OK [http://localhost/]


Processing PagesController#index (for 127.0.0.1 at 2010-10-23 02:15:45) [GET]
Rendering template within layouts/application
Rendering pages/index

ActionView::TemplateError (page_url failed to generate from {:page=>"selectors", :action=>"show", :controller=>"pages"}, expected: {:action=>"show", :controller=>"pages"}, diff: {:page=>"selectors"}) on line #18 of app/views/layouts/application.html.erb:
15:       </div>      
16:       <div id="main-navigation">
17:         <ul class="wat-cf">
18: 					<li><%= link_to 'Selectors', page_path(:page => 'selectors') %></a></li>
19: 				</ul>
20:       </div>
21:     </div>    

    (eval):16:in `page_path'
    app/views/layouts/application.html.erb:18

Rendered rescues/_trace (79.3ms)
Rendered rescues/_request_and_response (1.2ms)
Rendering rescues/layout (internal_server_error)


Processing PagesController#index (for 127.0.0.1 at 2010-10-23 02:18:15) [GET]
Rendering template within layouts/application
Rendering pages/index
Completed in 13ms (View: 12, DB: 0) | 200 OK [http://localhost/]


Processing PagesController#selectors (for 127.0.0.1 at 2010-10-23 02:18:17) [GET]
Rendering template within layouts/application
Rendering pages/selectors
Completed in 6ms (View: 5, DB: 0) | 200 OK [http://localhost/pages/selectors]


Processing ApplicationController#index (for 127.0.0.1 at 2010-10-23 02:18:17) [GET]

ActionController::RoutingError (No route matches "/pages/jquery.js" with {:method=>:get}):
  

Rendering rescues/layout (not_found)


Processing PagesController#index (for 127.0.0.1 at 2010-10-23 02:19:05) [GET]
Rendering template within layouts/application
Rendering pages/index
Completed in 15ms (View: 14, DB: 0) | 200 OK [http://localhost/]


Processing PagesController#traversal (for 127.0.0.1 at 2010-10-23 02:19:06) [GET]
Rendering template within layouts/application
Rendering pages/traversal
Completed in 6ms (View: 5, DB: 0) | 200 OK [http://localhost/pages/traversal]


Processing ApplicationController#index (for 127.0.0.1 at 2010-10-23 02:19:06) [GET]

ActionController::RoutingError (No route matches "/pages/jquery.js" with {:method=>:get}):
  

Rendering rescues/layout (not_found)


Processing PagesController#events (for 127.0.0.1 at 2010-10-23 02:19:07) [GET]
Rendering template within layouts/application
Rendering pages/events
Completed in 9ms (View: 8, DB: 0) | 200 OK [http://localhost/pages/events]


Processing ApplicationController#index (for 127.0.0.1 at 2010-10-23 02:19:07) [GET]

ActionController::RoutingError (No route matches "/pages/jquery.js" with {:method=>:get}):
  

Rendering rescues/layout (not_found)


Processing PagesController#effects (for 127.0.0.1 at 2010-10-23 02:19:07) [GET]
Rendering template within layouts/application
Rendering pages/effects
Completed in 7ms (View: 6, DB: 0) | 200 OK [http://localhost/pages/effects]


Processing ApplicationController#index (for 127.0.0.1 at 2010-10-23 02:19:07) [GET]

ActionController::RoutingError (No route matches "/pages/jquery.js" with {:method=>:get}):
  

Rendering rescues/layout (not_found)


Processing PagesController#effects (for 127.0.0.1 at 2010-10-23 02:19:09) [GET]
Rendering template within layouts/application
Rendering pages/effects
Completed in 3ms (View: 2, DB: 0) | 200 OK [http://localhost/pages/effects]


Processing ApplicationController#index (for 127.0.0.1 at 2010-10-23 02:19:09) [GET]

ActionController::RoutingError (No route matches "/pages/jquery.js" with {:method=>:get}):
  

Rendering rescues/layout (not_found)


Processing PagesController#events (for 127.0.0.1 at 2010-10-23 02:19:10) [GET]
Rendering template within layouts/application
Rendering pages/events
Completed in 3ms (View: 2, DB: 0) | 200 OK [http://localhost/pages/events]


Processing ApplicationController#index (for 127.0.0.1 at 2010-10-23 02:19:10) [GET]

ActionController::RoutingError (No route matches "/pages/jquery.js" with {:method=>:get}):
  

Rendering rescues/layout (not_found)


Processing PagesController#effects (for 127.0.0.1 at 2010-10-23 02:19:10) [GET]
Rendering template within layouts/application
Rendering pages/effects
Completed in 3ms (View: 1, DB: 0) | 200 OK [http://localhost/pages/effects]


Processing ApplicationController#index (for 127.0.0.1 at 2010-10-23 02:19:10) [GET]

ActionController::RoutingError (No route matches "/pages/jquery.js" with {:method=>:get}):
  

Rendering rescues/layout (not_found)


Processing PagesController#effects (for 127.0.0.1 at 2010-10-23 02:19:18) [GET]
Rendering template within layouts/application
Rendering pages/effects
Completed in 2ms (View: 1, DB: 0) | 200 OK [http://localhost/pages/effects]


Processing ApplicationController#index (for 127.0.0.1 at 2010-10-23 02:19:19) [GET]

ActionController::RoutingError (No route matches "/pages/jquery.js" with {:method=>:get}):
  

Rendering rescues/layout (not_found)


Processing PagesController#events (for 127.0.0.1 at 2010-10-23 02:19:19) [GET]
Rendering template within layouts/application
Rendering pages/events
Completed in 3ms (View: 2, DB: 0) | 200 OK [http://localhost/pages/events]


Processing ApplicationController#index (for 127.0.0.1 at 2010-10-23 02:19:19) [GET]

ActionController::RoutingError (No route matches "/pages/jquery.js" with {:method=>:get}):
  

Rendering rescues/layout (not_found)


Processing PagesController#effects (for 127.0.0.1 at 2010-10-23 02:19:21) [GET]
Rendering template within layouts/application
Rendering pages/effects
Completed in 3ms (View: 2, DB: 0) | 200 OK [http://localhost/pages/effects]


Processing ApplicationController#index (for 127.0.0.1 at 2010-10-23 02:19:21) [GET]

ActionController::RoutingError (No route matches "/pages/jquery.js" with {:method=>:get}):
  

Rendering rescues/layout (not_found)


Processing PagesController#events (for 127.0.0.1 at 2010-10-23 02:19:21) [GET]
Rendering template within layouts/application
Rendering pages/events
Completed in 3ms (View: 2, DB: 0) | 200 OK [http://localhost/pages/events]


Processing ApplicationController#index (for 127.0.0.1 at 2010-10-23 02:19:21) [GET]

ActionController::RoutingError (No route matches "/pages/jquery.js" with {:method=>:get}):
  

Rendering rescues/layout (not_found)


Processing PagesController#effects (for 127.0.0.1 at 2010-10-23 02:19:38) [GET]
Rendering template within layouts/application
Rendering pages/effects
Completed in 7ms (View: 6, DB: 0) | 200 OK [http://localhost/pages/effects]


Processing ApplicationController#index (for 127.0.0.1 at 2010-10-23 02:19:38) [GET]

ActionController::RoutingError (No route matches "/pages/jquery.js" with {:method=>:get}):
  

Rendering rescues/layout (not_found)


Processing PagesController#effects (for 127.0.0.1 at 2010-10-23 02:20:08) [GET]
Rendering template within layouts/application
Rendering pages/effects
Completed in 6ms (View: 5, DB: 0) | 200 OK [http://localhost/pages/effects]


Processing ApplicationController#index (for 127.0.0.1 at 2010-10-23 02:20:08) [GET]

ActionController::RoutingError (No route matches "/pages/jquery.js" with {:method=>:get}):
  

Rendering rescues/layout (not_found)


Processing PagesController#index (for 127.0.0.1 at 2010-10-23 02:20:09) [GET]
Rendering template within layouts/application
Rendering pages/index
Completed in 11ms (View: 10, DB: 0) | 200 OK [http://localhost/]


Processing PagesController#effects (for 127.0.0.1 at 2010-10-23 02:20:20) [GET]
Rendering template within layouts/application
Rendering pages/effects
Completed in 3ms (View: 2, DB: 0) | 200 OK [http://localhost/pages/effects]


Processing PagesController#index (for 127.0.0.1 at 2010-10-23 02:20:24) [GET]
Rendering template within layouts/application
Rendering pages/index
Completed in 2ms (View: 1, DB: 0) | 200 OK [http://localhost/]


Processing PagesController#index (for 127.0.0.1 at 2010-10-23 02:20:44) [GET]
Rendering template within layouts/application
Rendering pages/index
Completed in 5ms (View: 4, DB: 0) | 200 OK [http://localhost/]


Processing PagesController#index (for 127.0.0.1 at 2010-10-23 02:22:12) [GET]
Rendering template within layouts/application
Rendering pages/index
Completed in 12ms (View: 11, DB: 0) | 200 OK [http://localhost/]


Processing PagesController#index (for 127.0.0.1 at 2010-10-23 02:22:34) [GET]
Rendering template within layouts/application
Rendering pages/index
Completed in 7ms (View: 4, DB: 0) | 200 OK [http://localhost/]


Processing PagesController#index (for 127.0.0.1 at 2010-10-23 02:22:49) [GET]
Rendering template within layouts/application
Rendering pages/index
Completed in 7ms (View: 4, DB: 0) | 200 OK [http://localhost/]


Processing PagesController#traversal (for 127.0.0.1 at 2010-10-23 02:22:52) [GET]
Rendering template within layouts/application
Rendering pages/traversal
Completed in 42ms (View: 41, DB: 0) | 200 OK [http://localhost/pages/traversal]


Processing ApplicationController#index (for 127.0.0.1 at 2010-10-23 02:22:52) [GET]

ActionController::RoutingError (No route matches "/pages/jquery.js" with {:method=>:get}):
  

Rendering rescues/layout (not_found)


Processing PagesController#selectors (for 127.0.0.1 at 2010-10-23 02:22:53) [GET]
Rendering template within layouts/application
Rendering pages/selectors
Completed in 3ms (View: 2, DB: 0) | 200 OK [http://localhost/pages/selectors]


Processing ApplicationController#index (for 127.0.0.1 at 2010-10-23 02:22:53) [GET]

ActionController::RoutingError (No route matches "/pages/jquery.js" with {:method=>:get}):
  

Rendering rescues/layout (not_found)


Processing PagesController#effects (for 127.0.0.1 at 2010-10-23 02:22:54) [GET]
Rendering template within layouts/application
Rendering pages/effects
Completed in 3ms (View: 2, DB: 0) | 200 OK [http://localhost/pages/effects]


Processing ApplicationController#index (for 127.0.0.1 at 2010-10-23 02:22:54) [GET]

ActionController::RoutingError (No route matches "/pages/jquery.js" with {:method=>:get}):
  

Rendering rescues/layout (not_found)


Processing PagesController#events (for 127.0.0.1 at 2010-10-23 02:22:54) [GET]
Rendering template within layouts/application
Rendering pages/events
Completed in 3ms (View: 2, DB: 0) | 200 OK [http://localhost/pages/events]


Processing ApplicationController#index (for 127.0.0.1 at 2010-10-23 02:22:54) [GET]

ActionController::RoutingError (No route matches "/pages/jquery.js" with {:method=>:get}):
  

Rendering rescues/layout (not_found)


Processing PagesController#selectors (for 127.0.0.1 at 2010-10-23 02:23:14) [GET]
Rendering template within layouts/application
Rendering pages/selectors
Completed in 3ms (View: 2, DB: 0) | 200 OK [http://localhost/pages/selectors]


Processing ApplicationController#index (for 127.0.0.1 at 2010-10-23 02:23:14) [GET]

ActionController::RoutingError (No route matches "/pages/jquery.js" with {:method=>:get}):
  

Rendering rescues/layout (not_found)


Processing PagesController#selectors (for 127.0.0.1 at 2010-10-23 02:23:53) [GET]
Rendering template within layouts/application
Rendering pages/selectors
Completed in 7ms (View: 6, DB: 0) | 200 OK [http://localhost/pages/selectors]


Processing ApplicationController#index (for 127.0.0.1 at 2010-10-23 02:23:53) [GET]

ActionController::RoutingError (No route matches "/pages/jquery.js" with {:method=>:get}):
  

Rendering rescues/layout (not_found)


Processing PagesController#selectors (for 127.0.0.1 at 2010-10-23 02:24:00) [GET]
Rendering template within layouts/application
Rendering pages/selectors
Completed in 3ms (View: 2, DB: 0) | 200 OK [http://localhost/pages/selectors]


Processing ApplicationController#index (for 127.0.0.1 at 2010-10-23 02:24:00) [GET]

ActionController::RoutingError (No route matches "/pages/jquery.js" with {:method=>:get}):
  

Rendering rescues/layout (not_found)


Processing PagesController#traversal (for 127.0.0.1 at 2010-10-23 02:24:01) [GET]
Rendering template within layouts/application
Rendering pages/traversal
Completed in 4ms (View: 3, DB: 0) | 200 OK [http://localhost/pages/traversal]


Processing ApplicationController#index (for 127.0.0.1 at 2010-10-23 02:24:01) [GET]

ActionController::RoutingError (No route matches "/pages/jquery.js" with {:method=>:get}):
  

Rendering rescues/layout (not_found)


Processing PagesController#events (for 127.0.0.1 at 2010-10-23 02:24:02) [GET]
Rendering template within layouts/application
Rendering pages/events
Completed in 3ms (View: 2, DB: 0) | 200 OK [http://localhost/pages/events]


Processing ApplicationController#index (for 127.0.0.1 at 2010-10-23 02:24:02) [GET]

ActionController::RoutingError (No route matches "/pages/jquery.js" with {:method=>:get}):
  

Rendering rescues/layout (not_found)


Processing PagesController#effects (for 127.0.0.1 at 2010-10-23 02:24:09) [GET]
Rendering template within layouts/application
Rendering pages/effects
Completed in 8ms (View: 2, DB: 0) | 200 OK [http://localhost/pages/effects]


Processing ApplicationController#index (for 127.0.0.1 at 2010-10-23 02:24:09) [GET]

ActionController::RoutingError (No route matches "/pages/jquery.js" with {:method=>:get}):
  

Rendering rescues/layout (not_found)


Processing PagesController#events (for 127.0.0.1 at 2010-10-23 02:24:10) [GET]
Rendering template within layouts/application
Rendering pages/events
Completed in 4ms (View: 3, DB: 0) | 200 OK [http://localhost/pages/events]


Processing ApplicationController#index (for 127.0.0.1 at 2010-10-23 02:24:10) [GET]

ActionController::RoutingError (No route matches "/pages/jquery.js" with {:method=>:get}):
  

Rendering rescues/layout (not_found)


Processing PagesController#selectors (for 127.0.0.1 at 2010-10-23 02:24:18) [GET]
Rendering template within layouts/application
Rendering pages/selectors
Completed in 3ms (View: 2, DB: 0) | 200 OK [http://localhost/pages/selectors]


Processing ApplicationController#index (for 127.0.0.1 at 2010-10-23 02:24:18) [GET]

ActionController::RoutingError (No route matches "/pages/jquery.js" with {:method=>:get}):
  

Rendering rescues/layout (not_found)


Processing PagesController#traversal (for 127.0.0.1 at 2010-10-23 02:24:19) [GET]
Rendering template within layouts/application
Rendering pages/traversal
Completed in 3ms (View: 2, DB: 0) | 200 OK [http://localhost/pages/traversal]


Processing ApplicationController#index (for 127.0.0.1 at 2010-10-23 02:24:19) [GET]

ActionController::RoutingError (No route matches "/pages/jquery.js" with {:method=>:get}):
  

Rendering rescues/layout (not_found)


Processing PagesController#events (for 127.0.0.1 at 2010-10-23 02:24:19) [GET]
Rendering template within layouts/application
Rendering pages/events
Completed in 3ms (View: 2, DB: 0) | 200 OK [http://localhost/pages/events]


Processing ApplicationController#index (for 127.0.0.1 at 2010-10-23 02:24:19) [GET]

ActionController::RoutingError (No route matches "/pages/jquery.js" with {:method=>:get}):
  

Rendering rescues/layout (not_found)


Processing PagesController#effects (for 127.0.0.1 at 2010-10-23 02:24:20) [GET]
Rendering template within layouts/application
Rendering pages/effects
Completed in 3ms (View: 2, DB: 0) | 200 OK [http://localhost/pages/effects]


Processing ApplicationController#index (for 127.0.0.1 at 2010-10-23 02:24:20) [GET]

ActionController::RoutingError (No route matches "/pages/jquery.js" with {:method=>:get}):
  

Rendering rescues/layout (not_found)


Processing PagesController#selectors (for 127.0.0.1 at 2010-10-23 02:24:21) [GET]
Rendering template within layouts/application
Rendering pages/selectors
Completed in 3ms (View: 2, DB: 0) | 200 OK [http://localhost/pages/selectors]


Processing ApplicationController#index (for 127.0.0.1 at 2010-10-23 02:24:21) [GET]

ActionController::RoutingError (No route matches "/pages/jquery.js" with {:method=>:get}):
  

Rendering rescues/layout (not_found)


Processing PagesController#traversal (for 127.0.0.1 at 2010-10-23 02:24:22) [GET]
Rendering template within layouts/application
Rendering pages/traversal
Completed in 4ms (View: 3, DB: 0) | 200 OK [http://localhost/pages/traversal]


Processing ApplicationController#index (for 127.0.0.1 at 2010-10-23 02:24:22) [GET]

ActionController::RoutingError (No route matches "/pages/jquery.js" with {:method=>:get}):
  

Rendering rescues/layout (not_found)


Processing PagesController#effects (for 127.0.0.1 at 2010-10-23 02:24:23) [GET]
Rendering template within layouts/application
Rendering pages/effects
Completed in 3ms (View: 2, DB: 0) | 200 OK [http://localhost/pages/effects]


Processing ApplicationController#index (for 127.0.0.1 at 2010-10-23 02:24:23) [GET]

ActionController::RoutingError (No route matches "/pages/jquery.js" with {:method=>:get}):
  

Rendering rescues/layout (not_found)


Processing PagesController#effects (for 127.0.0.1 at 2010-10-23 02:24:23) [GET]
Rendering template within layouts/application
Rendering pages/effects
Completed in 3ms (View: 2, DB: 0) | 200 OK [http://localhost/pages/effects]


Processing ApplicationController#index (for 127.0.0.1 at 2010-10-23 02:24:23) [GET]

ActionController::RoutingError (No route matches "/pages/jquery.js" with {:method=>:get}):
  

Rendering rescues/layout (not_found)


Processing PagesController#index (for 127.0.0.1 at 2010-10-23 02:24:24) [GET]
Rendering template within layouts/application
Rendering pages/index
Completed in 3ms (View: 2, DB: 0) | 200 OK [http://localhost/]


Processing PagesController#selectors (for 127.0.0.1 at 2010-10-23 02:24:27) [GET]
Rendering template within layouts/application
Rendering pages/selectors
Completed in 3ms (View: 2, DB: 0) | 200 OK [http://localhost/pages/selectors]


Processing ApplicationController#index (for 127.0.0.1 at 2010-10-23 02:24:27) [GET]

ActionController::RoutingError (No route matches "/pages/jquery.js" with {:method=>:get}):
  

Rendering rescues/layout (not_found)


Processing PagesController#traversal (for 127.0.0.1 at 2010-10-23 02:24:27) [GET]
Rendering template within layouts/application
Rendering pages/traversal
Completed in 3ms (View: 2, DB: 0) | 200 OK [http://localhost/pages/traversal]


Processing ApplicationController#index (for 127.0.0.1 at 2010-10-23 02:24:27) [GET]

ActionController::RoutingError (No route matches "/pages/jquery.js" with {:method=>:get}):
  

Rendering rescues/layout (not_found)


Processing PagesController#selectors (for 127.0.0.1 at 2010-10-23 02:24:29) [GET]
Rendering template within layouts/application
Rendering pages/selectors
Completed in 3ms (View: 2, DB: 0) | 200 OK [http://localhost/pages/selectors]


Processing ApplicationController#index (for 127.0.0.1 at 2010-10-23 02:24:29) [GET]

ActionController::RoutingError (No route matches "/pages/jquery.js" with {:method=>:get}):
  

Rendering rescues/layout (not_found)


Processing PagesController#traversal (for 127.0.0.1 at 2010-10-23 02:24:30) [GET]
Rendering template within layouts/application
Rendering pages/traversal
Completed in 3ms (View: 2, DB: 0) | 200 OK [http://localhost/pages/traversal]


Processing ApplicationController#index (for 127.0.0.1 at 2010-10-23 02:24:30) [GET]

ActionController::RoutingError (No route matches "/pages/jquery.js" with {:method=>:get}):
  

Rendering rescues/layout (not_found)


Processing PagesController#events (for 127.0.0.1 at 2010-10-23 02:24:31) [GET]
Rendering template within layouts/application
Rendering pages/events
Completed in 3ms (View: 2, DB: 0) | 200 OK [http://localhost/pages/events]


Processing ApplicationController#index (for 127.0.0.1 at 2010-10-23 02:24:31) [GET]

ActionController::RoutingError (No route matches "/pages/jquery.js" with {:method=>:get}):
  

Rendering rescues/layout (not_found)


Processing PagesController#events (for 127.0.0.1 at 2010-10-23 02:25:15) [GET]
Rendering template within layouts/application
Rendering pages/events
Completed in 4ms (View: 3, DB: 0) | 200 OK [http://localhost/pages/events]


Processing ApplicationController#index (for 127.0.0.1 at 2010-10-23 02:25:15) [GET]

ActionController::RoutingError (No route matches "/pages/jquery.js" with {:method=>:get}):
  

Rendering rescues/layout (not_found)


Processing PagesController#selectors (for 127.0.0.1 at 2010-10-23 02:25:16) [GET]
Rendering template within layouts/application
Rendering pages/selectors
Completed in 8ms (View: 6, DB: 0) | 200 OK [http://localhost/pages/selectors]


Processing PagesController#selectors (for 127.0.0.1 at 2010-10-23 02:25:17) [GET]
Rendering template within layouts/application
Rendering pages/selectors
Completed in 4ms (View: 2, DB: 0) | 200 OK [http://localhost/pages/selectors]


Processing PagesController#selectors (for 127.0.0.1 at 2010-10-23 02:25:44) [GET]
Rendering template within layouts/application
Rendering pages/selectors
Completed in 3ms (View: 2, DB: 0) | 200 OK [http://localhost/pages/selectors]


Processing PagesController#selectors (for 127.0.0.1 at 2010-10-23 02:26:31) [GET]
Rendering template within layouts/application
Rendering pages/selectors
Completed in 6ms (View: 5, DB: 0) | 200 OK [http://localhost/pages/selectors]


Processing PagesController#selectors (for 127.0.0.1 at 2010-10-23 02:26:41) [GET]
Rendering template within layouts/application
Rendering pages/selectors
Completed in 9ms (View: 8, DB: 0) | 200 OK [http://localhost/pages/selectors]


Processing PagesController#selectors (for 127.0.0.1 at 2010-10-23 02:27:52) [GET]
Rendering template within layouts/application
Rendering pages/selectors
Completed in 20ms (View: 19, DB: 0) | 200 OK [http://localhost/pages/selectors]


Processing PagesController#selectors (for 127.0.0.1 at 2010-10-23 02:28:01) [GET]
Rendering template within layouts/application
Rendering pages/selectors
Completed in 7ms (View: 6, DB: 0) | 200 OK [http://localhost/pages/selectors]


Processing PagesController#selectors (for 127.0.0.1 at 2010-10-23 02:28:26) [GET]
Rendering template within layouts/application
Rendering pages/selectors
Completed in 8ms (View: 7, DB: 0) | 200 OK [http://localhost/pages/selectors]


Processing PagesController#selectors (for 127.0.0.1 at 2010-10-23 02:28:33) [GET]
Rendering template within layouts/application
Rendering pages/selectors
Completed in 4ms (View: 2, DB: 0) | 200 OK [http://localhost/pages/selectors]


Processing PagesController#index (for 127.0.0.1 at 2010-10-23 02:28:34) [GET]
Rendering template within layouts/application
Rendering pages/index
Completed in 3ms (View: 2, DB: 0) | 200 OK [http://localhost/]


Processing PagesController#traversal (for 127.0.0.1 at 2010-10-23 02:28:37) [GET]
Rendering template within layouts/application
Rendering pages/traversal
Completed in 7ms (View: 6, DB: 0) | 200 OK [http://localhost/pages/traversal]


Processing PagesController#events (for 127.0.0.1 at 2010-10-23 02:28:37) [GET]
Rendering template within layouts/application
Rendering pages/events
Completed in 3ms (View: 2, DB: 0) | 200 OK [http://localhost/pages/events]


Processing ApplicationController#index (for 127.0.0.1 at 2010-10-23 02:28:37) [GET]

ActionController::RoutingError (No route matches "/pages/jquery.js" with {:method=>:get}):
  

Rendering rescues/layout (not_found)


Processing PagesController#effects (for 127.0.0.1 at 2010-10-23 02:28:38) [GET]
Rendering template within layouts/application
Rendering pages/effects
Completed in 3ms (View: 2, DB: 0) | 200 OK [http://localhost/pages/effects]


Processing ApplicationController#index (for 127.0.0.1 at 2010-10-23 02:28:38) [GET]

ActionController::RoutingError (No route matches "/pages/jquery.js" with {:method=>:get}):
  

Rendering rescues/layout (not_found)


Processing PagesController#effects (for 127.0.0.1 at 2010-10-23 02:29:02) [GET]
Rendering template within layouts/application
Rendering pages/effects
Completed in 8ms (View: 6, DB: 0) | 200 OK [http://localhost/pages/effects]


Processing PagesController#effects (for 127.0.0.1 at 2010-10-23 02:29:02) [GET]
Rendering template within layouts/application
Rendering pages/effects
Completed in 3ms (View: 2, DB: 0) | 200 OK [http://localhost/pages/effects]


Processing PagesController#events (for 127.0.0.1 at 2010-10-23 02:29:09) [GET]
Rendering template within layouts/application
Rendering pages/events
Completed in 8ms (View: 7, DB: 0) | 200 OK [http://localhost/pages/events]


Processing PagesController#effects (for 127.0.0.1 at 2010-10-23 02:29:11) [GET]
Rendering template within layouts/application
Rendering pages/effects
Completed in 3ms (View: 2, DB: 0) | 200 OK [http://localhost/pages/effects]


Processing PagesController#effects (for 127.0.0.1 at 2010-10-23 02:30:17) [GET]
Rendering template within layouts/application
Rendering pages/effects
Completed in 8ms (View: 7, DB: 0) | 200 OK [http://localhost/pages/effects]


Processing PagesController#effects (for 127.0.0.1 at 2010-10-23 02:30:59) [GET]
Rendering template within layouts/application
Rendering pages/effects
Completed in 3ms (View: 2, DB: 0) | 200 OK [http://localhost/pages/effects]


Processing PagesController#effects (for 127.0.0.1 at 2010-10-23 02:31:00) [GET]
Rendering template within layouts/application
Rendering pages/effects
Completed in 4ms (View: 3, DB: 0) | 200 OK [http://localhost/pages/effects]


Processing PagesController#effects (for 127.0.0.1 at 2010-10-23 02:31:06) [GET]
Rendering template within layouts/application
Rendering pages/effects
Completed in 3ms (View: 2, DB: 0) | 200 OK [http://localhost/pages/effects]


Processing PagesController#effects (for 127.0.0.1 at 2010-10-23 02:32:17) [GET]
Rendering template within layouts/application
Rendering pages/effects
Completed in 8ms (View: 7, DB: 0) | 200 OK [http://localhost/pages/effects]


Processing PagesController#effects (for 127.0.0.1 at 2010-10-23 02:32:48) [GET]
Rendering template within layouts/application
Rendering pages/effects
Completed in 3ms (View: 2, DB: 0) | 200 OK [http://localhost/pages/effects]


Processing PagesController#events (for 127.0.0.1 at 2010-10-23 02:32:48) [GET]
Rendering template within layouts/application
Rendering pages/events
Completed in 3ms (View: 2, DB: 0) | 200 OK [http://localhost/pages/events]


Processing PagesController#traversal (for 127.0.0.1 at 2010-10-23 02:33:26) [GET]
Rendering template within layouts/application
Rendering pages/traversal
Completed in 3ms (View: 2, DB: 0) | 200 OK [http://localhost/pages/traversal]


Processing PagesController#selectors (for 127.0.0.1 at 2010-10-23 02:33:31) [GET]
Rendering template within layouts/application
Rendering pages/selectors
Completed in 3ms (View: 2, DB: 0) | 200 OK [http://localhost/pages/selectors]


Processing PagesController#selectors (for 127.0.0.1 at 2010-10-23 02:33:34) [GET]
Rendering template within layouts/application
Rendering pages/selectors
Completed in 3ms (View: 2, DB: 0) | 200 OK [http://localhost/pages/selectors]


Processing PagesController#traversal (for 127.0.0.1 at 2010-10-23 02:33:35) [GET]
Rendering template within layouts/application
Rendering pages/traversal
Completed in 3ms (View: 2, DB: 0) | 200 OK [http://localhost/pages/traversal]


Processing PagesController#selectors (for 127.0.0.1 at 2010-10-23 02:33:36) [GET]
Rendering template within layouts/application
Rendering pages/selectors
Completed in 3ms (View: 2, DB: 0) | 200 OK [http://localhost/pages/selectors]
